23:22:20 **** Incremental Build of configuration Debug for project VasFork ****
Info: Internal Builder is used for build
arm-frc-linux-gnueabi-g++ "-LC:\\Users\\ankbh/wpilib/common/current/lib/linux/athena/shared" "-LC:\\Users\\ankbh/wpilib/cpp/current/reflib/linux/athena/shared" "-LC:\\Users\\ankbh/wpilib/user/cpp/lib" -pthread -rdynamic -Wl,-rpath,/opt/GenICam_v3_0_NI/bin/Linux32_ARM,-rpath,/usr/local/frc/lib -o FRCUserProgram "src\\CommandBase.o" "src\\Commands\\AcquireCrate.o" "src\\Commands\\ExampleCommand.o" "src\\Commands\\MyAutoCommand.o" "src\\Commands\\ReleaseCrate.o" "src\\Commands\\StopCatcher.o" "src\\Commands\\TankDrive.o" "src\\OI.o" "src\\Robot.o" "src\\Subsystems\\Catcher.o" "src\\Subsystems\\DriveTrain.o" "src\\Subsystems\\ExampleSubsystem.o" -lCTRE_Phoenix -lCTRE_PhoenixCCI -lCTRE_Phoenix -lCTRE_PhoenixCCI -lwpi 
src\Commands\AcquireCrate.o:(.data+0x0): multiple definition of `CATCH_RIGHT_CAN_ID'
src\CommandBase.o:(.data+0x0): first defined here
src\Commands\AcquireCrate.o: In function `AcquireCrate::Initialize()':
C:\Users\ankbh\Robotics\VasFork\Debug/..\src\Commands/AcquireCrate.cpp:11: multiple definition of `CATCH_LEFT_CAN_ID'
src\CommandBase.o:C:\Users\ankbh\Robotics\VasFork\Debug/..\src/CommandBase.cpp:25: first defined here
src\Commands\ReleaseCrate.o:(.data+0x0): multiple definition of `CATCH_RIGHT_CAN_ID'
src\CommandBase.o:C:\Users\ankbh\Robotics\VasFork\Debug/..\src/CommandBase.cpp:25: first defined here
src\Commands\ReleaseCrate.o: In function `std::__cxx11::basic_string<char, std::char_traits<char>, std::allocator<char> >::_M_is_local() const':
C:\Users\ankbh\Robotics\VasFork\Debug/..\src\Commands/ReleaseCrate.cpp:13: multiple definition of `CATCH_LEFT_CAN_ID'
src\CommandBase.o:C:\Users\ankbh\Robotics\VasFork\Debug/..\src/CommandBase.cpp:25: first defined here
src\Commands\StopCatcher.o:(.data+0x0): multiple definition of `CATCH_RIGHT_CAN_ID'
src\CommandBase.o:C:\Users\ankbh\Robotics\VasFork\Debug/..\src/CommandBase.cpp:25: first defined here
src\Commands\StopCatcher.o: In function `std::__cxx11::basic_string<char, std::char_traits<char>, std::allocator<char> >::_M_is_local() const':
C:\Users\ankbh\Robotics\VasFork\Debug/..\src\Commands/StopCatcher.cpp:25: multiple definition of `CATCH_LEFT_CAN_ID'
src\CommandBase.o:C:\Users\ankbh\Robotics\VasFork\Debug/..\src/CommandBase.cpp:25: first defined here
src\Commands\TankDrive.o:(.data+0x0): multiple definition of `CATCH_RIGHT_CAN_ID'
src\CommandBase.o:C:\Users\ankbh\Robotics\VasFork\Debug/..\src/CommandBase.cpp:25: first defined here
src\Commands\TankDrive.o: In function `__gnu_cxx::new_allocator<std::_Rb_tree_node<frc::Subsystem*> >::deallocate(std::_Rb_tree_node<frc::Subsystem*>*, unsigned int)':
C:\Users\ankbh\Robotics\VasFork\Debug/..\src\Commands/TankDrive.cpp:27: multiple definition of `CATCH_LEFT_CAN_ID'
src\CommandBase.o:C:\Users\ankbh\Robotics\VasFork\Debug/..\src/CommandBase.cpp:25: first defined here
src\OI.o:(.data+0x0): multiple definition of `CATCH_RIGHT_CAN_ID'
src\CommandBase.o:C:\Users\ankbh\Robotics\VasFork\Debug/..\src/CommandBase.cpp:25: first defined here
src\OI.o: In function `OI::catcherButtons()':
C:\Users\ankbh\Robotics\VasFork\Debug/..\src/OI.cpp:20: multiple definition of `CATCH_LEFT_CAN_ID'
src\CommandBase.o:C:\Users\ankbh\Robotics\VasFork\Debug/..\src/CommandBase.cpp:25: first defined here
src\Robot.o:(.data+0x0): multiple definition of `CATCH_RIGHT_CAN_ID'
src\CommandBase.o:C:\Users\ankbh\Robotics\VasFork\Debug/..\src/CommandBase.cpp:25: first defined here
src\Robot.o: In function `$d':
C:\Users\ankbh/wpilib/cpp/current/include/SmartDashboard/SendableChooser.inc:77: multiple definition of `CATCH_LEFT_CAN_ID'
src\CommandBase.o:C:\Users\ankbh\Robotics\VasFork\Debug/..\src/CommandBase.cpp:25: first defined here
src\Subsystems\Catcher.o: In function `.LANCHOR1':
Catcher.cpp:(.data+0x0): multiple definition of `CATCH_RIGHT_CAN_ID'
src\CommandBase.o:C:\Users\ankbh\Robotics\VasFork\Debug/..\src/CommandBase.cpp:25: first defined here
src\Subsystems\Catcher.o: In function `Catcher::~Catcher()':
C:\Users\ankbh\Robotics\VasFork\Debug/..\src\Subsystems/Catcher.cpp:12: multiple definition of `CATCH_LEFT_CAN_ID'
src\CommandBase.o:C:\Users\ankbh\Robotics\VasFork\Debug/..\src/CommandBase.cpp:25: first defined here
src\Subsystems\DriveTrain.o:(.data+0x0): multiple definition of `CATCH_RIGHT_CAN_ID'
src\CommandBase.o:C:\Users\ankbh\Robotics\VasFork\Debug/..\src/CommandBase.cpp:25: first defined here
src\Subsystems\DriveTrain.o: In function `$d':
C:\Users\ankbh\Robotics\VasFork\Debug/..\src\Subsystems/DriveTrain.cpp:115: multiple definition of `CATCH_LEFT_CAN_ID'
src\CommandBase.o:C:\Users\ankbh\Robotics\VasFork\Debug/..\src/CommandBase.cpp:25: first defined here
src\Subsystems\ExampleSubsystem.o:(.data+0x0): multiple definition of `CATCH_RIGHT_CAN_ID'
src\CommandBase.o:C:\Users\ankbh\Robotics\VasFork\Debug/..\src/CommandBase.cpp:25: first defined here
src\Subsystems\ExampleSubsystem.o: In function `ExampleSubsystem::ExampleSubsystem()':
C:\Users\ankbh\Robotics\VasFork\Debug/..\src\Subsystems/ExampleSubsystem.cpp:12: multiple definition of `CATCH_LEFT_CAN_ID'
src\CommandBase.o:C:\Users\ankbh\Robotics\VasFork\Debug/..\src/CommandBase.cpp:25: first defined here
collect2.exe: error: ld returned 1 exit status

23:22:21 Build Finished (took 744ms)

